gyp info it worked if it ends with ok
gyp info using node-gyp@5.1.0
gyp info using node@14.11.0 | darwin | x64
gyp info find Python using Python version 2.7.16 found at "/System/Library/Frameworks/Python.framework/Versions/2.7/Resources/Python.app/Contents/MacOS/Python"
gyp info spawn /System/Library/Frameworks/Python.framework/Versions/2.7/Resources/Python.app/Contents/MacOS/Python
gyp info spawn args [
gyp info spawn args   '/usr/local/Cellar/node/14.11.0/libexec/lib/node_modules/npm/node_modules/node-gyp/gyp/gyp_main.py',
gyp info spawn args   'binding.gyp',
gyp info spawn args   '-f',
gyp info spawn args   'make',
gyp info spawn args   '-I',
gyp info spawn args   '/Users/johnmacdonald/Desktop/Mathletica-API-Server/node_modules/kerberos/build/config.gypi',
gyp info spawn args   '-I',
gyp info spawn args   '/usr/local/Cellar/node/14.11.0/libexec/lib/node_modules/npm/node_modules/node-gyp/addon.gypi',
gyp info spawn args   '-I',
gyp info spawn args   '/Users/johnmacdonald/Library/Caches/node-gyp/14.11.0/include/node/common.gypi',
gyp info spawn args   '-Dlibrary=shared_library',
gyp info spawn args   '-Dvisibility=default',
gyp info spawn args   '-Dnode_root_dir=/Users/johnmacdonald/Library/Caches/node-gyp/14.11.0',
gyp info spawn args   '-Dnode_gyp_dir=/usr/local/Cellar/node/14.11.0/libexec/lib/node_modules/npm/node_modules/node-gyp',
gyp info spawn args   '-Dnode_lib_file=/Users/johnmacdonald/Library/Caches/node-gyp/14.11.0/<(target_arch)/node.lib',
gyp info spawn args   '-Dmodule_root_dir=/Users/johnmacdonald/Desktop/Mathletica-API-Server/node_modules/kerberos',
gyp info spawn args   '-Dnode_engine=v8',
gyp info spawn args   '--depth=.',
gyp info spawn args   '--no-parallel',
gyp info spawn args   '--generator-output',
gyp info spawn args   'build',
gyp info spawn args   '-Goutput_dir=.'
gyp info spawn args ]
gyp info spawn make
gyp info spawn args [ 'BUILDTYPE=Release', '-C', 'build' ]
In file included from ../lib/kerberos.cc:1:
../lib/kerberos.h:29:26: error: no template named 'Handle'
  static void Initialize(Handle<Object> target);
                         ^
../lib/kerberos.h:32:10: error: no template named 'Handle'
  static Handle<Value> AuthGSSClientInit(const Arguments &args);
         ^
../lib/kerberos.h:32:48: error: unknown type name 'Arguments'
  static Handle<Value> AuthGSSClientInit(const Arguments &args);
                                               ^
../lib/kerberos.h:33:10: error: no template named 'Handle'
  static Handle<Value> AuthGSSClientStep(const Arguments &args);
         ^
../lib/kerberos.h:33:48: error: unknown type name 'Arguments'
  static Handle<Value> AuthGSSClientStep(const Arguments &args);
                                               ^
../lib/kerberos.h:34:10: error: no template named 'Handle'
  static Handle<Value> AuthGSSClientUnwrap(const Arguments &args);
         ^
../lib/kerberos.h:34:50: error: unknown type name 'Arguments'
  static Handle<Value> AuthGSSClientUnwrap(const Arguments &args);
                                                 ^
../lib/kerberos.h:35:10: error: no template named 'Handle'
  static Handle<Value> AuthGSSClientWrap(const Arguments &args);
         ^
../lib/kerberos.h:35:48: error: unknown type name 'Arguments'
  static Handle<Value> AuthGSSClientWrap(const Arguments &args);
                                               ^
../lib/kerberos.h:36:10: error: no template named 'Handle'
  static Handle<Value> AuthGSSClientClean(const Arguments &args);
         ^
../lib/kerberos.h:36:49: error: unknown type name 'Arguments'
  static Handle<Value> AuthGSSClientClean(const Arguments &args);
                                                ^
../lib/kerberos.h:39:10: error: no template named 'Handle'
  static Handle<Value> New(const Arguments &args);  
         ^
../lib/kerberos.h:39:34: error: unknown type name 'Arguments'
  static Handle<Value> New(const Arguments &args);  
                                 ^
../lib/kerberos.h:42:23: error: unknown type name 'uv_work_t'
  static void Process(uv_work_t* work_req);
                      ^
../lib/kerberos.h:44:21: error: unknown type name 'uv_work_t'
  static void After(uv_work_t* work_req);
                    ^
In file included from ../lib/kerberos.cc:3:
../lib/worker.h:17:5: error: unknown type name 'uv_work_t'
    uv_work_t request;
    ^
../lib/worker.h:36:5: error: no template named 'Handle'
    Handle<Value> (*mapper)(Worker *worker);
    ^
In file included from ../lib/kerberos.cc:4:
../lib/kerberos_context.h:25:34: error: no template named 'Handle'
  static inline bool HasInstance(Handle<Value> val) {
                                 ^
../lib/kerberos_context.h:35:26: error: no template named 'Handle'
  static void Initialize(Handle<Object> target);
                         ^
fatal error: too many errors emitted, stopping now [-ferror-limit=]
20 errors generated.
make: *** [Release/obj.target/kerberos/lib/kerberos.o] Error 1
gyp ERR! build error 
gyp ERR! stack Error: `make` failed with exit code: 2
gyp ERR! stack     at ChildProcess.onExit (/usr/local/Cellar/node/14.11.0/libexec/lib/node_modules/npm/node_modules/node-gyp/lib/build.js:194:23)
gyp ERR! stack     at ChildProcess.emit (events.js:314:20)
gyp ERR! stack     at Process.ChildProcess._handle.onexit (internal/child_process.js:276:12)
gyp ERR! System Darwin 19.6.0
gyp ERR! command "/usr/local/Cellar/node/14.11.0/bin/node" "/usr/local/Cellar/node/14.11.0/libexec/lib/node_modules/npm/node_modules/node-gyp/bin/node-gyp.js" "rebuild"
gyp ERR! cwd /Users/johnmacdonald/Desktop/Mathletica-API-Server/node_modules/kerberos
gyp ERR! node -v v14.11.0
gyp ERR! node-gyp -v v5.1.0
gyp ERR! not ok 
